taipan_robot/build/app/outputs/mapping/release/mapping.txt
# compiler: R8
# compiler_version: 2.1.62
# min_api: 21
# pg_map_id: c88017e
# common_typos_disable
...
io.flutter.embedding.engine.systemchannels.PlatformChannel$HapticFeedbackType -> io.flutter.embedding.engine.i.i$g:
    io.flutter.embedding.engine.systemchannels.PlatformChannel$HapticFeedbackType[] $VALUES -> g
    io.flutter.embedding.engine.systemchannels.PlatformChannel$HapticFeedbackType HEAVY_IMPACT -> e
    io.flutter.embedding.engine.systemchannels.PlatformChannel$HapticFeedbackType SELECTION_CLICK -> f
    io.flutter.embedding.engine.systemchannels.PlatformChannel$HapticFeedbackType LIGHT_IMPACT -> c
    java.lang.String encodedName -> a
    io.flutter.embedding.engine.systemchannels.PlatformChannel$HapticFeedbackType MEDIUM_IMPACT -> d
    io.flutter.embedding.engine.systemchannels.PlatformChannel$HapticFeedbackType STANDARD -> b
    io.flutter.embedding.engine.systemchannels.PlatformChannel$HapticFeedbackType fromValue(java.lang.String) -> a
io.flutter.embedding.engine.systemchannels.PlatformChannel$PlatformMessageHandler -> io.flutter.embedding.engine.i.i$h:
    void popSystemNavigator() -> b
    void setPreferredOrientations(int) -> c
    void setApplicationSwitcherDescription(io.flutter.embedding.engine.systemchannels.PlatformChannel$AppSwitcherDescription) -> d
    void vibrateHapticFeedback(io.flutter.embedding.engine.systemchannels.PlatformChannel$HapticFeedbackType) -> e
    void showSystemOverlays(java.util.List) -> f
    void restoreSystemUiOverlays() -> g
    void setClipboardData(java.lang.String) -> h
    boolean clipboardHasStrings() -> i
    void playSystemSound(io.flutter.embedding.engine.systemchannels.PlatformChannel$SoundType) -> j
    java.lang.CharSequence getClipboardData(io.flutter.embedding.engine.systemchannels.PlatformChannel$ClipboardContentFormat) -> k
    void setSystemUiOverlayStyle(io.flutter.embedding.engine.systemchannels.PlatformChannel$SystemChromeStyle) -> l
io.flutter.embedding.engine.systemchannels.PlatformChannel$SoundType -> io.flutter.embedding.engine.i.i$i:
    io.flutter.embedding.engine.systemchannels.PlatformChannel$SoundType CLICK -> b
    io.flutter.embedding.engine.systemchannels.PlatformChannel$SoundType[] $VALUES -> d
    io.flutter.embedding.engine.systemchannels.PlatformChannel$SoundType ALERT -> c
    java.lang.String encodedName -> a
    io.flutter.embedding.engine.systemchannels.PlatformChannel$SoundType fromValue(java.lang.String) -> a
io.flutter.embedding.engine.systemchannels.PlatformChannel$SystemChromeStyle -> io.flutter.embedding.engine.i.i$j:
    java.lang.Integer systemNavigationBarColor -> c
    java.lang.Integer systemNavigationBarDividerColor -> e
    io.flutter.embedding.engine.systemchannels.PlatformChannel$Brightness systemNavigationBarIconBrightness -> d
    io.flutter.embedding.engine.systemchannels.PlatformChannel$Brightness statusBarIconBrightness -> b
    java.lang.Integer statusBarColor -> a
io.flutter.embedding.engine.systemchannels.PlatformChannel$SystemUiOverlay -> io.flutter.embedding.engine.i.i$k:
    io.flutter.embedding.engine.systemchannels.PlatformChannel$SystemUiOverlay TOP_OVERLAYS -> b
    io.flutter.embedding.engine.systemchannels.PlatformChannel$SystemUiOverlay BOTTOM_OVERLAYS -> c
    io.flutter.embedding.engine.systemchannels.PlatformChannel$SystemUiOverlay[] $VALUES -> d
    java.lang.String encodedName -> a
    io.flutter.embedding.engine.systemchannels.PlatformChannel$SystemUiOverlay fromValue(java.lang.String) -> a