taipan_robot/build/app/outputs/mapping/release/usage.txt
com.example.taipan_robot.R$dimen
com.example.taipan_robot.R$style
com.example.taipan_robot.BuildConfig
com.example.taipan_robot.R$integer
com.example.taipan_robot.R$mipmap
com.example.taipan_robot.R$attr
com.example.taipan_robot.R$layout
com.example.taipan_robot.R$string
com.example.taipan_robot.R$color
com.example.taipan_robot.R$styleable
com.example.taipan_robot.R$drawable
com.example.taipan_robot.R$id
com.example.taipan_robot.R
...
kotlin.collections.CollectionsKt__MutableCollectionsKt
androidx.core.graphics.drawable.WrappedDrawable
kotlin.ranges.RangesKt__RangesKt
androidx.core.graphics.drawable.RoundedBitmapDrawable21
kotlin.collections.unsigned.UArraysKt___UArraysJvmKt$asList$2
io.flutter.view.FlutterNativeView$EngineLifecycleListenerImpl
kotlin.reflect.KFunction
kotlin.collections.SetsKt
androidx.lifecycle.ClassesInfoCache
kotlin.reflect.KMutableProperty2$Setter
kotlin.Function
androidx.fragment.app.FragmentTransition
kotlin.ranges.IntRange$Companion
androidx.core.os.ParcelableCompat
kotlin.jvm.internal.Ref
kotlin.jvm.internal.PrimitiveSpreadBuilder
kotlin.collections.CollectionsKt__CollectionsJVMKt
androidx.loader.R$attr
kotlin.jvm.internal.Ref$CharRef
androidx.arch.core.executor.ArchTaskExecutor$1
io.flutter.embedding.engine.FlutterEngineConnectionRegistry$DefaultFlutterAssets:
    public java.lang.String getAssetFilePathByName(java.lang.String)
    public java.lang.String getAssetFilePathByName(java.lang.String,java.lang.String)
    public java.lang.String getAssetFilePathBySubpath(java.lang.String)
    public java.lang.String getAssetFilePathBySubpath(java.lang.String,java.lang.String)
androidx.activity.R$id
androidx.core.os.BuildCompat
kotlin.sequences.DistinctSequence
kotlin.collections.AbstractIterator$WhenMappings
kotlin.reflect.KProperty$Getter
org.intellij.lang.annotations.JdkConstants$CalendarMonth
androidx.core.view.MarginLayoutParamsCompat
kotlin.collections.AbstractCollection
androidx.core.app.ActivityCompat$OnRequestPermissionsResultCallback
androidx.viewpager.R
kotlin.jvm.internal.ArrayShortIterator
kotlin.collections.CollectionsKt___CollectionsKt$groupingBy$1
androidx.fragment.app.FragmentManagerImpl$AnimationOrAnimator
androidx.core.widget.NestedScrollView$OnScrollChangeListener
kotlin.sequences.SequencesKt__SequencesKt$flatten$2
kotlin.collections.ArraysKt___ArraysKt$asSequence$$inlined$Sequence$8
kotlin.jvm.internal.FunctionReference
kotlin.jvm.Synchronized
androidx.core.text.PrecomputedTextCompat$PrecomputedTextFutureTask
kotlin.UNINITIALIZED_VALUE
io.flutter.app.FlutterPluginRegistry
androidx.fragment.app.Fragment$SavedState$1
androidx.core.content.res.FontResourcesParserCompat$ProviderResourceEntry
androidx.customview.R$string
kotlin.sequences.TransformingIndexedSequence$iterator$1
kotlin.LazyKt$WhenMappings
androidx.annotation.IntRange
kotlin.reflect.KClass
androidx.core.text.BidiFormatter$DirectionalityEstimator
io.flutter.plugin.common.MethodChannel:
    public void resizeChannelBuffer(int)
    private static final java.lang.String TAG
kotlin.collections.LongIterator
org.jetbrains.annotations.TestOnly
kotlin.collections.AbstractMap$keys$1
kotlin.properties.NotNullVar
androidx.customview.view.AbsSavedState$1
kotlin.jvm.internal.MutablePropertyReference2Impl
kotlin.collections.CollectionsKt___CollectionsKt$withIndex$1
kotlin.time.ClockMark
kotlin.sequences.SequencesKt___SequencesJvmKt
kotlin.collections.MapsKt__MapsKt
kotlin.collections.FloatIterator
kotlin.NotImplementedError
kotlin.coroutines.intrinsics.IntrinsicsKt__IntrinsicsJvmKt$createCoroutineUnintercepted$$inlined$createCoroutineFromSuspendFunction$IntrinsicsKt__IntrinsicsJvmKt$2
kotlin.jvm.JvmName
kotlin.jvm.functions.Function2
kotlin.ranges.CharProgression
kotlin.io.ByteStreamsKt
kotlin.text.StringsKt__RegexExtensionsKt
org.intellij.lang.annotations.JdkConstants$TabLayoutPolicy
kotlin.comparisons.UComparisonsKt
kotlin.comparisons.ComparisonsKt___ComparisonsJvmKt
kotlin.collections.ArraysKt___ArraysKt$withIndex$2
kotlin.collections.CollectionsKt__IteratorsJVMKt
kotlin.collections.SetsKt__SetsJVMKt
kotlin.jvm.functions.Function14
kotlin.io.TextStreamsKt$readLines$1
androidx.core.widget.ListViewCompat
kotlin.time.TestClock
androidx.core.R$dimen
kotlin.coroutines.experimental.migration.ContextMigration$Key
androidx.core.view.ViewCompat$FocusRealDirection
io.flutter.embedding.engine.FlutterEngineGroup$1
kotlin.io.LinesSequence$iterator$1